Copyright 1986-2018 Xilinx, Inc. All Rights Reserved.
---------------------------------------------------------------------------------------------------------------------------------------
| Tool Version : Vivado v.2018.1 (lin64) Build 2188600 Wed Apr  4 18:39:19 MDT 2018
| Date         : Sun Mar 14 20:35:07 2021
| Host         : soc running 64-bit Ubuntu 18.04.5 LTS
| Command      : report_utilization -file fourier_transform_v1_0_utilization_synth.rpt -pb fourier_transform_v1_0_utilization_synth.pb
| Design       : fourier_transform_v1_0
| Device       : xczu9egffvb1156-2
| Design State : Synthesized
---------------------------------------------------------------------------------------------------------------------------------------

Utilization Design Information

Table of Contents
-----------------
1. CLB Logic
1.1 Summary of Registers by Type
2. BLOCKRAM
3. ARITHMETIC
4. I/O
5. CLOCK
6. ADVANCED
7. CONFIGURATION
8. Primitives
9. Black Boxes
10. Instantiated Netlists

1. CLB Logic
------------

+----------------------------+------+-------+-----------+-------+
|          Site Type         | Used | Fixed | Available | Util% |
+----------------------------+------+-------+-----------+-------+
| CLB LUTs*                  | 2336 |     0 |    274080 |  0.85 |
|   LUT as Logic             | 1270 |     0 |    274080 |  0.46 |
|   LUT as Memory            | 1066 |     0 |    144000 |  0.74 |
|     LUT as Distributed RAM |  420 |     0 |           |       |
|     LUT as Shift Register  |  646 |     0 |           |       |
| CLB Registers              | 3879 |     0 |    548160 |  0.71 |
|   Register as Flip Flop    | 3879 |     0 |    548160 |  0.71 |
|   Register as Latch        |    0 |     0 |    548160 |  0.00 |
| CARRY8                     |   12 |     0 |     34260 |  0.04 |
| F7 Muxes                   |    0 |     0 |    137040 |  0.00 |
| F8 Muxes                   |    0 |     0 |     68520 |  0.00 |
| F9 Muxes                   |    0 |     0 |     34260 |  0.00 |
+----------------------------+------+-------+-----------+-------+
* Warning! The Final LUT count, after physical optimizations and full implementation, is typically lower. Run opt_design after synthesis, if not already completed, for a more realistic count.


1.1 Summary of Registers by Type
--------------------------------

+-------+--------------+-------------+--------------+
| Total | Clock Enable | Synchronous | Asynchronous |
+-------+--------------+-------------+--------------+
| 0     |            _ |           - |            - |
| 0     |            _ |           - |          Set |
| 0     |            _ |           - |        Reset |
| 0     |            _ |         Set |            - |
| 0     |            _ |       Reset |            - |
| 0     |          Yes |           - |            - |
| 1     |          Yes |           - |          Set |
| 47    |          Yes |           - |        Reset |
| 14    |          Yes |         Set |            - |
| 3817  |          Yes |       Reset |            - |
+-------+--------------+-------------+--------------+


2. BLOCKRAM
-----------

+-------------------+------+-------+-----------+-------+
|     Site Type     | Used | Fixed | Available | Util% |
+-------------------+------+-------+-----------+-------+
| Block RAM Tile    |  1.5 |     0 |       912 |  0.16 |
|   RAMB36/FIFO*    |    0 |     0 |       912 |  0.00 |
|   RAMB18          |    3 |     0 |      1824 |  0.16 |
|     RAMB18E2 only |    3 |       |           |       |
+-------------------+------+-------+-----------+-------+
* Note: Each Block RAM Tile only has one FIFO logic available and therefore can accommodate only one FIFO36E2 or one FIFO18E2. However, if a FIFO18E2 occupies a Block RAM Tile, that tile can still accommodate a RAMB18E2


3. ARITHMETIC
-------------

+----------------+------+-------+-----------+-------+
|    Site Type   | Used | Fixed | Available | Util% |
+----------------+------+-------+-----------+-------+
| DSPs           |   36 |     0 |      2520 |  1.43 |
|   DSP48E2 only |   36 |       |           |       |
+----------------+------+-------+-----------+-------+


4. I/O
------

+------------+------+-------+-----------+-------+
|  Site Type | Used | Fixed | Available | Util% |
+------------+------+-------+-----------+-------+
| Bonded IOB |  122 |     0 |       328 | 37.20 |
+------------+------+-------+-----------+-------+


5. CLOCK
--------

+----------------------+------+-------+-----------+-------+
|       Site Type      | Used | Fixed | Available | Util% |
+----------------------+------+-------+-----------+-------+
| GLOBAL CLOCK BUFFERs |    1 |     0 |       404 |  0.25 |
|   BUFGCE             |    1 |     0 |       116 |  0.86 |
|   BUFGCE_DIV         |    0 |     0 |        16 |  0.00 |
|   BUFG_GT            |    0 |     0 |       168 |  0.00 |
|   BUFG_PS            |    0 |     0 |        72 |  0.00 |
|   BUFGCTRL*          |    0 |     0 |        32 |  0.00 |
| PLL                  |    0 |     0 |         8 |  0.00 |
| MMCM                 |    0 |     0 |         4 |  0.00 |
+----------------------+------+-------+-----------+-------+
* Note: Each used BUFGCTRL counts as two global buffer resources. This table does not include global clocking resources, only buffer cell usage. See the Clock Utilization Report (report_clock_utilization) for detailed accounting of global clocking resource availability.


6. ADVANCED
-----------

+-----------------+------+-------+-----------+-------+
|    Site Type    | Used | Fixed | Available | Util% |
+-----------------+------+-------+-----------+-------+
| GTHE4_CHANNEL   |    0 |     0 |        24 |  0.00 |
| GTHE4_COMMON    |    0 |     0 |         6 |  0.00 |
| OBUFDS_GTE4     |    0 |     0 |        12 |  0.00 |
| OBUFDS_GTE4_ADV |    0 |     0 |        12 |  0.00 |
| PS8             |    0 |     0 |         1 |  0.00 |
| SYSMONE4        |    0 |     0 |         1 |  0.00 |
+-----------------+------+-------+-----------+-------+


7. CONFIGURATION
----------------

+-------------+------+-------+-----------+-------+
|  Site Type  | Used | Fixed | Available | Util% |
+-------------+------+-------+-----------+-------+
| BSCANE2     |    0 |     0 |         4 |  0.00 |
| DNA_PORTE2  |    0 |     0 |         1 |  0.00 |
| EFUSE_USR   |    0 |     0 |         1 |  0.00 |
| FRAME_ECCE4 |    0 |     0 |         1 |  0.00 |
| ICAPE3      |    0 |     0 |         2 |  0.00 |
| MASTER_JTAG |    0 |     0 |         1 |  0.00 |
| STARTUPE3   |    0 |     0 |         1 |  0.00 |
+-------------+------+-------+-----------+-------+


8. Primitives
-------------

+----------+------+---------------------+
| Ref Name | Used | Functional Category |
+----------+------+---------------------+
| FDRE     | 3817 |            Register |
| LUT3     |  947 |                 CLB |
| SRL16E   |  646 |                 CLB |
| RAMD32   |  344 |                 CLB |
| LUT6     |  275 |                 CLB |
| LUT5     |  233 |                 CLB |
| LUT2     |  175 |                 CLB |
| LUT4     |  139 |                 CLB |
| LUT1     |  129 |                 CLB |
| RAMD64E  |   76 |                 CLB |
| OBUF     |   73 |                 I/O |
| INBUF    |   49 |                 I/O |
| IBUFCTRL |   49 |              Others |
| FDCE     |   47 |            Register |
| DSP48E2  |   36 |          Arithmetic |
| FDSE     |   14 |            Register |
| CARRY8   |   12 |                 CLB |
| RAMB18E2 |    3 |           Block Ram |
| FDPE     |    1 |            Register |
| BUFGCE   |    1 |               Clock |
+----------+------+---------------------+


9. Black Boxes
--------------

+--------------------------------+------+
|            Ref Name            | Used |
+--------------------------------+------+
| intfft_spdf_fixed25_to_float_0 |    2 |
| intfft_spdf_float_to_fixed18_0 |    1 |
| intfft_spdf_fifo_out_0         |    1 |
| intfft_spdf_fifo_in_0          |    1 |
+--------------------------------+------+


10. Instantiated Netlists
-------------------------

+----------+------+
| Ref Name | Used |
+----------+------+


